<?xml version="1.0" encoding="UTF-8"?>
<testng-results ignored="0" total="1" passed="1" failed="0" skipped="0">
  <reporter-output>
  </reporter-output>
  <suite started-at="2023-12-19T20:51:55 IST" name="Default suite" finished-at="2023-12-19T20:51:59 IST" duration-ms="3999">
    <groups>
    </groups>
    <test started-at="2023-12-19T20:51:55 IST" name="Default test" finished-at="2023-12-19T20:51:59 IST" duration-ms="3999">
      <class name="ObjectLocation.ObjectLocation">
        <test-method signature="objectLocation()[pri:1, instance:ObjectLocation.ObjectLocation@3e27aa33]" started-at="2023-12-19T20:51:56 IST" name="objectLocation" finished-at="2023-12-19T20:51:59 IST" duration-ms="3948" status="PASS">
          <reporter-output>
          </reporter-output>
        </test-method> <!-- objectLocation -->
      </class> <!-- ObjectLocation.ObjectLocation -->
    </test> <!-- Default test -->
  </suite> <!-- Default suite -->
</testng-results>
